[01/28/19, 13:56:02:643] info: ╔═══════════════════════════════════════════════════════════════════════════════╗
[01/28/19, 13:56:02:644] info: ║      Slack 3.3.7, darwin (Store) 17.7.0 on x64 at 01/28/19, 13:56:02:641      ║
[01/28/19, 13:56:02:644] info: ╚═══════════════════════════════════════════════════════════════════════════════╝
[01/28/19, 13:56:02:769] info: Initializing local storage instance at path: /Users/744/Library/Containers/com.tinyspeck.slackmacgap/Data/Library/Application Support/Slack/local-settings.json
[01/28/19, 13:56:02:919] info: NetworkStatus: Waiting for network online…
[01/28/19, 13:56:03:046] info: Read UUID from file successful
{
  "uuid": "a79c39b0-77ec-5d0d-9593-736ba063cb5a"
}
[01/28/19, 13:56:03:080] info: Store: HANDLE_DEEP_LINK
{
  "causedLaunch": false,
  "url": "slack://T0ENXA7A8/magic-login/536501349687-51d6e4d0e47632e8dd81143b851ad74c4c09e91fffd6eb4b5eb8b6d3d2cc44e2"
}
[01/28/19, 13:56:03:333] info: NetworkStatus: Response from api.test
{
  "status": "online"
}
[01/28/19, 13:56:03:416] info: Store: BACKGROUND_CLIENTS_INITIALIZED
[01/28/19, 13:56:03:416] info: Store: BACKGROUND_CLIENTS_INITIALIZED true
[01/28/19, 13:56:03:534] info: Store: ADD_NEW_TEAM
{
  "id": "UFQQ284N9",
  "team_id": "T0ENXA7A8"
}
[01/28/19, 13:56:03:543] info: Store: UPSERT_WEB_CONTENTS
{
  "id": 4,
  "state": "unloaded",
  "teamId": "T0ENXA7A8"
}
[01/28/19, 13:56:03:737] info: Store: SET_NETWORK_STATUS online
[01/28/19, 13:56:03:739] info: Store: MAIN_WINDOW_SHOWN
[01/28/19, 13:56:06:779] info: Store: UPSERT_WEB_CONTENTS
{
  "id": 4,
  "state": "loaded",
  "teamId": "T0ENXA7A8"
}
[01/28/19, 13:56:06:990] info: Store: UPDATE_SESSION_STATUS
{
  "hasValidSession": true,
  "teamId": "T0ENXA7A8"
}
[01/28/19, 13:56:07:264] info: Store: SELECT_CHANNEL C0ENXAA5A
[01/28/19, 13:56:07:270] info: Store: UPDATE_TEAM_LOCALE
{
  "locale": "en-US",
  "teamId": "T0ENXA7A8"
}
[01/28/19, 13:56:07:305] info: Store: UPDATE_SETTINGS
{
  "locale": "en-US"
}
[01/28/19, 13:56:07:327] info: Store: UPDATE_TEAM_THEME
{
  "teamId": "T0ENXA7A8",
  "theme": {
    "active_item": "#1264A3",
    "active_item_text": "#FFFFFF",
    "active_presence": "#2BAC76",
    "badge": "#CD2553",
    "column_bg": "#3F0E40",
    "hover_item": "#350D36",
    "menu_bg": "#350d36",
    "text_color": "#FFFFFF"
  }
}
[01/28/19, 13:56:07:460] info: Store: UPDATE_TEAM_ICONS
{
  "icons": {
    "image_102": "https://avatars.slack-edge.com/2018-09-23/441501209877_6f6619e1e65fba3f1b50_102.jpg",
    "image_132": "https://avatars.slack-edge.com/2018-09-23/441501209877_6f6619e1e65fba3f1b50_132.jpg",
    "image_230": "https://avatars.slack-edge.com/2018-09-23/441501209877_6f6619e1e65fba3f1b50_230.jpg",
    "image_34": "https://avatars.slack-edge.com/2018-09-23/441501209877_6f6619e1e65fba3f1b50_34.jpg",
    "image_44": "https://avatars.slack-edge.com/2018-09-23/441501209877_6f6619e1e65fba3f1b50_44.jpg",
    "image_68": "https://avatars.slack-edge.com/2018-09-23/441501209877_6f6619e1e65fba3f1b50_68.jpg",
    "image_88": "https://avatars.slack-edge.com/2018-09-23/441501209877_6f6619e1e65fba3f1b50_88.jpg",
    "image_original": "https://avatars.slack-edge.com/2018-09-23/441501209877_6f6619e1e65fba3f1b50_original.jpg"
  },
  "teamId": "T0ENXA7A8"
}
[01/28/19, 13:56:07:542] info: Store: UPDATE_TEAM_LOCALE
{
  "locale": "en-US",
  "teamId": "T0ENXA7A8"
}
[01/28/19, 13:56:07:563] info: Store: UPSERT_WEB_CONTENTS
{
  "id": 4,
  "state": "webapp-loaded",
  "teamId": "T0ENXA7A8"
}
[01/28/19, 13:56:07:568] info: Store: UPDATE_SETTINGS
{
  "sandboxSigninWindow": true
}
[01/28/19, 13:56:07:841] info: Store: STORE_ENTERPRISE_ID_PAIR
{
  "enterpriseId": null,
  "teamId": "T0ENXA7A8"
}
[01/28/19, 13:56:07:844] info: Store: STORE_API_TOKEN
{
  "teamId": "T0ENXA7A8",
  "token": "xoxs-⋯"
}
[01/28/19, 13:56:12:179] info: Store: SELECT_CHANNEL DFSPFV5FY
[01/28/19, 13:56:27:260] info: Store: SELECT_CHANNEL G235EAW3T
[01/28/19, 13:56:44:709] info: Store: SELECT_CHANNEL DFSPFV5FY
[01/28/19, 14:34:01:452] info: Store: SELECT_CHANNEL G8CAN697G
[01/28/19, 14:42:58:193] info: Store: NEW_NOTIFICATION
{
  "channel": "G8CAN697G",
  "id": "ERRwfWhPz0O1Mop",
  "launchUri": "slack://channel?id=G8CAN697G&message=1548715378.073800&team=T0ENXA7A8",
  "ssbFilename": "knock_brush.mp3",
  "teamId": "T0ENXA7A8"
}
[01/28/19, 14:45:09:885] info: Store: SELECT_CHANNEL DFRB2KJR1
[01/28/19, 14:46:03:787] info: Store: FOREGROUND_APP
[01/28/19, 14:47:17:757] info: Store: NEW_NOTIFICATION
{
  "channel": "DFRB2KJR1",
  "id": "4xxOCziWvDkElJ5",
  "launchUri": "slack://channel?id=DFRB2KJR1&message=1548715637.001800&team=T0ENXA7A8",
  "ssbFilename": "knock_brush.mp3",
  "teamId": "T0ENXA7A8"
}
[01/28/19, 14:48:04:361] info: Store: NEW_NOTIFICATION
{
  "channel": "DFRB2KJR1",
  "id": "R66NUnsOkVm6pMj",
  "launchUri": "slack://channel?id=DFRB2KJR1&message=1548715684.002500&team=T0ENXA7A8",
  "ssbFilename": "knock_brush.mp3",
  "teamId": "T0ENXA7A8"
}
[01/28/19, 14:48:07:288] info: Store: CLICK_NOTIFICATION
{
  "channel": "DFRB2KJR1",
  "messageId": "1548715684.002500",
  "notificationId": "R66NUnsOkVm6pMj",
  "teamId": "T0ENXA7A8"
}
[01/28/19, 14:48:07:289] info: Store: SELECT_TEAM T0ENXA7A8
[01/28/19, 15:10:50:623] info: Store: NEW_NOTIFICATION
{
  "channel": "G8CAN697G",
  "id": "kRR1fqt9OlRElDB",
  "launchUri": "slack://channel?id=G8CAN697G&message=1548717050.080000&team=T0ENXA7A8",
  "ssbFilename": "knock_brush.mp3",
  "teamId": "T0ENXA7A8"
}
[01/28/19, 15:51:58:568] info: Store: NEW_NOTIFICATION
{
  "channel": "G8CAN697G",
  "id": "zppkH4uK8p0z2ZG",
  "launchUri": "slack://channel?id=G8CAN697G&message=1548719518.081200&team=T0ENXA7A8",
  "ssbFilename": "knock_brush.mp3",
  "teamId": "T0ENXA7A8"
}
[01/28/19, 17:19:48:369] info: Store: NEW_NOTIFICATION
{
  "channel": "GFRD9Q65R",
  "id": "VOORFkCJqjLyx4p",
  "launchUri": "slack://channel?id=GFRD9Q65R&message=1548724787.054300&team=T0ENXA7A8",
  "ssbFilename": "knock_brush.mp3",
  "teamId": "T0ENXA7A8"
}
